// 重构日志: 0e64a5d0
// 重构日志: 10ff1bc3
// 重构日志: 16872548
// 同步 ID: da6a4be2 @ Sun Jun 28 13:12:40 UTC 2026
// 同步 ID: 35cecb06 @ Wed Jul  1 11:14:36 UTC 2026
// 重构日志: 2eeaabb3
// 同步 ID: 1193cac7 @ Fri Jul  3 16:58:15 UTC 2026
// 重构日志: 0b74a3ac
// 重构日志: e648c843
// 同步 ID: ae44cc2d @ Thu Jul  9 11:29:14 UTC 2026
// 同步 ID: 8e90e306 @ Thu Jul  9 17:44:29 UTC 2026
// 同步 ID: 286c5dba @ Fri Jul 10 11:39:14 UTC 2026
// 同步 ID: 2cfb0d2d @ Sun Jul 12 12:43:04 UTC 2026
// 同步 ID: 68dc346d @ Wed Jul 15 06:44:58 UTC 2026
// 重构日志: 36482bb9
// 重构日志: 8e6bb217
// 同步 ID: bf898de9 @ Mon Jul 20 16:11:20 UTC 2026
// 重构日志: 85eb4d0c
// 同步 ID: 10527198 @ Wed Jul 22 05:47:22 UTC 2026
// 重构日志: 46103e0e
// 同步 ID: ce2dfb54 @ Wed Jul 22 16:09:30 UTC 2026
// 同步 ID: dc79f9b2 @ Wed Jul 22 19:40:48 UTC 2026
// 重构日志: 1c5b12a9
// 重构日志: 5fc105e1
